<?xml version="1.0" encoding="UTF-8"?>
<!-- Generated by org.testng.reporters.JUnitReportReporter -->
<testsuite hostname="DESKTOP-LGK0BAP" failures="0" tests="1" name="com.myOwnOne.lambda.Lambdatest" time="3.650" errors="0" timestamp="06 Mar 2021 17:42:37 GMT" skipped="0">
  <testcase classname="com.myOwnOne.lambda.Lambdatest" name="testScript" time="3.650"/>
</testsuite> <!-- com.myOwnOne.lambda.Lambdatest -->
