<?xml version="1.0" encoding="UTF-8"?>
<!-- Generated by org.testng.reporters.JUnitReportReporter -->
<testsuite hostname="DESKTOP-LGK0BAP" failures="0" tests="1" name="lambdatest.Lambdatest" time="3.556" errors="0" timestamp="06 Mar 2021 17:24:03 GMT" skipped="0">
  <testcase classname="lambdatest.Lambdatest" name="testScript" time="3.556"/>
</testsuite> <!-- lambdatest.Lambdatest -->
